<?xml version="1.0" encoding="utf-8" standalone="no"?>
<test-results xmlns:xsi="http://www.w3.org/2001/XMLSchema-instance" xsi:noNamespaceSchemaLocation="nunit_schema_2.5.xsd" name="Pester" total="11" errors="0" failures="1" not-run="0" inconclusive="0" ignored="0" skipped="0" invalid="0" date="2015-02-05" time="17:57:03">
  <environment user="yohan.belval" machine-name="SP2013-YOHAN" cwd="C:\git\Dynamite\Source\GSoft.Dynamite.PowerShell.Tests\Integration" user-domain="OFFICE" platform="Microsoft Windows Server 2012 Standard|C:\windows|\Device\Harddisk0\Partition2" nunit-version="2.5.8.0" os-version="6.2.9200" clr-version="4.0.30319.18449" />
  <culture-info current-culture="en-US" current-uiculture="en-US" />
  <test-suite type="Powershell" name="C:\git\Dynamite\Source\GSoft.Dynamite.PowerShell.Tests\Integration" executed="True" result="Failure" success="False" time="15.7868" asserts="0">
    <results>
      <test-suite type="PowerShell" name="Logging.ps1" executed="True" result="Success" success="True" time="0.6728" asserts="0">
        <results>
          <test-case name="should create a logging folder at specified location" executed="True" time="0.4451" asserts="0" success="True" result="Success" />
          <test-case name="should create a logging folder with a single *.log file at specified location" executed="True" time="0.073" asserts="0" success="True" result="Success" />
          <test-case name="should create a logging folder with a single *.log file at specified location" executed="True" time="0.0857" asserts="0" success="True" result="Success" />
          <test-case name="should stop the current transcript and log normally" executed="True" time="0.069" asserts="0" success="True" result="Success" />
        </results>
      </test-suite>
      <test-suite type="PowerShell" name="Token.ps1" executed="True" result="Success" success="True" time="15.05" asserts="0">
        <results>
          <test-case name="should replace the token in the legacy template format (*.template)" executed="True" time="5.1123" asserts="0" success="True" result="Success" />
          <test-case name="should replace the token in the intellisense template format (*.template.*)" executed="True" time="0.0677" asserts="0" success="True" result="Success" />
          <test-case name="should replace the token in the legacy template format (*.template)" executed="True" time="4.8747" asserts="0" success="True" result="Success" />
          <test-case name="should replace the token in the intellisense template format (*.template.*)" executed="True" time="4.8256" asserts="0" success="True" result="Success" />
          <test-case name="should throw file not found exception" executed="True" time="0.0832" asserts="0" success="True" result="Success" />
          <test-case name="should not throw exception and template file shouldn't exist" executed="True" time="0.0865" asserts="0" success="True" result="Success" />
        </results>
      </test-suite>
      <test-suite type="PowerShell" name="" executed="True" result="Failure" success="False" time="0.0639" asserts="0">
        <results>
          <test-case name="Error occurred in test script 'C:\git\Dynamite\Source\GSoft.Dynamite.PowerShell.Tests\Integration\Utilities.Tests.ps1'" executed="True" time="0.0639" asserts="0" success="False" result="Failure">
            <failure>
              <message>At C:\git\Dynamite\Source\GSoft.Dynamite.PowerShell.Tests\Integration\Utilities.Tests.ps1:79 char:1
+ }
+ ~
Unexpected token '}' in expression or statement.

</message>
              <stack-trace>at &lt;ScriptBlock&gt;, C:\Users\yohan.belval\Documents\WindowsPowerShell\Modules\Pester\Pester.psm1: line 177</stack-trace>
            </failure>
          </test-case>
        </results>
      </test-suite>
    </results>
  </test-suite>
</test-results>